<?xml version="1.0" encoding="UTF-8"?>
<testng-results skipped="0" failed="0" ignored="0" total="1" passed="1">
  <reporter-output>
  </reporter-output>
  <suite name="Default suite" duration-ms="46551" started-at="2020-02-12T01:34:49 IST" finished-at="2020-02-12T01:35:35 IST">
    <groups>
    </groups>
    <test name="Default test" duration-ms="46551" started-at="2020-02-12T01:34:49 IST" finished-at="2020-02-12T01:35:35 IST">
      <class name="tests.Call">
        <test-method status="PASS" signature="setup()[pri:0, instance:tests.Call@1b68ddbd]" name="setup" is-config="true" duration-ms="36538" started-at="2020-02-12T01:34:49 IST" finished-at="2020-02-12T01:35:25 IST">
          <reporter-output>
          </reporter-output>
        </test-method> <!-- setup -->
        <test-method status="PASS" signature="call()[pri:0, instance:tests.Call@1b68ddbd]" name="call" duration-ms="4801" started-at="2020-02-12T01:35:25 IST" finished-at="2020-02-12T01:35:30 IST">
          <reporter-output>
          </reporter-output>
        </test-method> <!-- call -->
        <test-method status="PASS" signature="aftertest()[pri:0, instance:tests.Call@1b68ddbd]" name="aftertest" is-config="true" duration-ms="5162" started-at="2020-02-12T01:35:30 IST" finished-at="2020-02-12T01:35:35 IST">
          <reporter-output>
          </reporter-output>
        </test-method> <!-- aftertest -->
      </class> <!-- tests.Call -->
    </test> <!-- Default test -->
  </suite> <!-- Default suite -->
</testng-results>
